2024-06-09 18:20:25,167 [INFO] org.springframework.boot.devtools.autoconfigure.LocalDevToolsAutoConfiguration$RestartingClassPathChangeChangedEventListener [File Watcher] Restarting due to 1 class path change (0 additions, 0 deletions, 1 modification)
2024-06-09 18:20:25,210 [INFO] org.springframework.orm.jpa.LocalContainerEntityManagerFactoryBean [Thread-6] Closing JPA EntityManagerFactory for persistence unit 'default'
2024-06-09 18:20:25,220 [INFO] com.zaxxer.hikari.HikariDataSource [Thread-6] HikariPool-1 - Shutdown initiated...
2024-06-09 18:20:25,473 [INFO] com.zaxxer.hikari.HikariDataSource [Thread-6] HikariPool-1 - Shutdown completed.
2024-06-09 18:20:25,559 [INFO] com.racha.rachadev.RachadevApplication [restartedMain] Starting RachadevApplication using Java 17.0.8 with PID 18792 (C:\Users\ratsh\OneDrive\Documents\vs code\webapp\rachadev\target\classes started by ratsh in C:\Users\ratsh\OneDrive\Documents\vs code\webapp\rachadev)
2024-06-09 18:20:25,560 [DEBUG] com.racha.rachadev.RachadevApplication [restartedMain] Running with Spring Boot v3.3.0, Spring v6.1.8
2024-06-09 18:20:25,560 [INFO] com.racha.rachadev.RachadevApplication [restartedMain] No active profile set, falling back to 1 default profile: "default"
2024-06-09 18:20:26,126 [INFO] org.springframework.data.repository.config.RepositoryConfigurationDelegate [restartedMain] Bootstrapping Spring Data JPA repositories in DEFAULT mode.
2024-06-09 18:20:26,161 [INFO] org.springframework.data.repository.config.RepositoryConfigurationDelegate [restartedMain] Finished Spring Data repository scanning in 26 ms. Found 3 JPA repository interfaces.
2024-06-09 18:20:26,450 [INFO] org.springframework.boot.web.embedded.tomcat.TomcatWebServer [restartedMain] Tomcat initialized with port 8080 (http)
2024-06-09 18:20:26,455 [INFO] org.apache.catalina.core.StandardService [restartedMain] Starting service [Tomcat]
2024-06-09 18:20:26,456 [INFO] org.apache.catalina.core.StandardEngine [restartedMain] Starting Servlet engine: [Apache Tomcat/10.1.24]
2024-06-09 18:20:26,508 [INFO] org.apache.catalina.core.ContainerBase.[Tomcat].[localhost].[/] [restartedMain] Initializing Spring embedded WebApplicationContext
2024-06-09 18:20:26,509 [INFO] org.springframework.boot.web.servlet.context.ServletWebServerApplicationContext [restartedMain] Root WebApplicationContext: initialization completed in 947 ms
2024-06-09 18:20:26,580 [INFO] com.zaxxer.hikari.HikariDataSource [restartedMain] HikariPool-2 - Starting...
2024-06-09 18:20:26,591 [INFO] com.zaxxer.hikari.pool.HikariPool [restartedMain] HikariPool-2 - Added connection conn10: url=jdbc:h2:file:./db/blogdb user=ADMIN
2024-06-09 18:20:26,591 [INFO] com.zaxxer.hikari.HikariDataSource [restartedMain] HikariPool-2 - Start completed.
2024-06-09 18:20:26,592 [INFO] org.springframework.boot.autoconfigure.h2.H2ConsoleAutoConfiguration [restartedMain] H2 console available at '/db-console'. Database available at 'jdbc:h2:file:./db/blogdb'
2024-06-09 18:20:26,663 [INFO] org.hibernate.jpa.internal.util.LogHelper [restartedMain] HHH000204: Processing PersistenceUnitInfo [name: default]
2024-06-09 18:20:26,665 [INFO] org.hibernate.cache.internal.RegionFactoryInitiator [restartedMain] HHH000026: Second-level cache disabled
2024-06-09 18:20:26,678 [INFO] org.springframework.orm.jpa.persistenceunit.SpringPersistenceUnitInfo [restartedMain] No LoadTimeWeaver setup: ignoring JPA class transformer
2024-06-09 18:20:26,680 [WARN] org.hibernate.orm.deprecation [restartedMain] HHH90000025: H2Dialect does not need to be specified explicitly using 'hibernate.dialect' (remove the property setting and it will be selected by default)
2024-06-09 18:20:26,765 [INFO] org.hibernate.engine.transaction.jta.platform.internal.JtaPlatformInitiator [restartedMain] HHH000489: No JTA platform available (set 'hibernate.transaction.jta.platform' to enable JTA platform integration)
2024-06-09 18:20:26,774 [INFO] org.springframework.orm.jpa.LocalContainerEntityManagerFactoryBean [restartedMain] Initialized JPA EntityManagerFactory for persistence unit 'default'
2024-06-09 18:20:26,983 [INFO] org.springframework.security.config.annotation.authentication.configuration.InitializeUserDetailsBeanManagerConfigurer$InitializeUserDetailsManagerConfigurer [restartedMain] Global AuthenticationManager configured with UserDetailsService bean with name accountService
2024-06-09 18:20:27,241 [INFO] org.springframework.boot.actuate.endpoint.web.EndpointLinksResolver [restartedMain] Exposing 1 endpoint beneath base path '/actuator'
2024-06-09 18:20:27,295 [INFO] org.springframework.security.web.DefaultSecurityFilterChain [restartedMain] Will secure any request with [org.springframework.security.web.session.DisableEncodeUrlFilter@5786ca65, org.springframework.security.web.context.request.async.WebAsyncManagerIntegrationFilter@35709c70, org.springframework.security.web.context.SecurityContextHolderFilter@5930ba80, org.springframework.security.web.header.HeaderWriterFilter@6bc7a1bd, org.springframework.web.filter.CorsFilter@6d4d7118, org.springframework.security.web.authentication.logout.LogoutFilter@42b7bdd1, org.springframework.security.web.authentication.UsernamePasswordAuthenticationFilter@2d8326e7, org.springframework.security.web.savedrequest.RequestCacheAwareFilter@34ed1dfd, org.springframework.security.web.servletapi.SecurityContextHolderAwareRequestFilter@7def3be1, org.springframework.security.web.authentication.rememberme.RememberMeAuthenticationFilter@4f95a02d, org.springframework.security.web.authentication.AnonymousAuthenticationFilter@5ec6e3c4, org.springframework.security.web.access.ExceptionTranslationFilter@7e955b66, org.springframework.security.web.access.intercept.AuthorizationFilter@e523b2b]
2024-06-09 18:20:27,584 [INFO] org.springframework.boot.devtools.autoconfigure.OptionalLiveReloadServer [restartedMain] LiveReload server is running on port 35729
2024-06-09 18:20:27,600 [INFO] org.springframework.boot.web.embedded.tomcat.TomcatWebServer [restartedMain] Tomcat started on port 8080 (http) with context path '/'
2024-06-09 18:20:27,606 [INFO] com.racha.rachadev.RachadevApplication [restartedMain] Started RachadevApplication in 2.078 seconds (process running for 140.005)
2024-06-09 18:20:27,945 [INFO] org.springframework.boot.devtools.autoconfigure.ConditionEvaluationDeltaLoggingListener [restartedMain] Condition evaluation unchanged
2024-06-09 18:20:29,547 [INFO] org.springframework.boot.devtools.autoconfigure.LocalDevToolsAutoConfiguration$RestartingClassPathChangeChangedEventListener [File Watcher] Restarting due to 1 class path change (0 additions, 0 deletions, 1 modification)
2024-06-09 18:20:29,558 [INFO] org.springframework.orm.jpa.LocalContainerEntityManagerFactoryBean [Thread-8] Closing JPA EntityManagerFactory for persistence unit 'default'
2024-06-09 18:20:29,562 [INFO] com.zaxxer.hikari.HikariDataSource [Thread-8] HikariPool-2 - Shutdown initiated...
2024-06-09 18:20:29,769 [INFO] com.zaxxer.hikari.HikariDataSource [Thread-8] HikariPool-2 - Shutdown completed.
2024-06-09 18:20:29,843 [INFO] com.racha.rachadev.RachadevApplication [restartedMain] Starting RachadevApplication using Java 17.0.8 with PID 18792 (C:\Users\ratsh\OneDrive\Documents\vs code\webapp\rachadev\target\classes started by ratsh in C:\Users\ratsh\OneDrive\Documents\vs code\webapp\rachadev)
2024-06-09 18:20:29,844 [DEBUG] com.racha.rachadev.RachadevApplication [restartedMain] Running with Spring Boot v3.3.0, Spring v6.1.8
2024-06-09 18:20:29,845 [INFO] com.racha.rachadev.RachadevApplication [restartedMain] No active profile set, falling back to 1 default profile: "default"
2024-06-09 18:20:30,198 [INFO] org.springframework.data.repository.config.RepositoryConfigurationDelegate [restartedMain] Bootstrapping Spring Data JPA repositories in DEFAULT mode.
2024-06-09 18:20:30,210 [INFO] org.springframework.data.repository.config.RepositoryConfigurationDelegate [restartedMain] Finished Spring Data repository scanning in 12 ms. Found 3 JPA repository interfaces.
2024-06-09 18:20:30,374 [INFO] org.springframework.boot.web.embedded.tomcat.TomcatWebServer [restartedMain] Tomcat initialized with port 8080 (http)
2024-06-09 18:20:30,376 [INFO] org.apache.catalina.core.StandardService [restartedMain] Starting service [Tomcat]
2024-06-09 18:20:30,377 [INFO] org.apache.catalina.core.StandardEngine [restartedMain] Starting Servlet engine: [Apache Tomcat/10.1.24]
2024-06-09 18:20:30,414 [INFO] org.apache.catalina.core.ContainerBase.[Tomcat].[localhost].[/] [restartedMain] Initializing Spring embedded WebApplicationContext
2024-06-09 18:20:30,415 [INFO] org.springframework.boot.web.servlet.context.ServletWebServerApplicationContext [restartedMain] Root WebApplicationContext: initialization completed in 568 ms
2024-06-09 18:20:30,503 [INFO] com.zaxxer.hikari.HikariDataSource [restartedMain] HikariPool-3 - Starting...
2024-06-09 18:20:30,515 [INFO] com.zaxxer.hikari.pool.HikariPool [restartedMain] HikariPool-3 - Added connection conn20: url=jdbc:h2:file:./db/blogdb user=ADMIN
2024-06-09 18:20:30,516 [INFO] com.zaxxer.hikari.HikariDataSource [restartedMain] HikariPool-3 - Start completed.
2024-06-09 18:20:30,516 [INFO] org.springframework.boot.autoconfigure.h2.H2ConsoleAutoConfiguration [restartedMain] H2 console available at '/db-console'. Database available at 'jdbc:h2:file:./db/blogdb'
2024-06-09 18:20:30,637 [INFO] org.hibernate.jpa.internal.util.LogHelper [restartedMain] HHH000204: Processing PersistenceUnitInfo [name: default]
2024-06-09 18:20:30,642 [INFO] org.hibernate.cache.internal.RegionFactoryInitiator [restartedMain] HHH000026: Second-level cache disabled
2024-06-09 18:20:30,648 [INFO] org.springframework.orm.jpa.persistenceunit.SpringPersistenceUnitInfo [restartedMain] No LoadTimeWeaver setup: ignoring JPA class transformer
2024-06-09 18:20:30,650 [WARN] org.hibernate.orm.deprecation [restartedMain] HHH90000025: H2Dialect does not need to be specified explicitly using 'hibernate.dialect' (remove the property setting and it will be selected by default)
2024-06-09 18:20:30,740 [INFO] org.hibernate.engine.transaction.jta.platform.internal.JtaPlatformInitiator [restartedMain] HHH000489: No JTA platform available (set 'hibernate.transaction.jta.platform' to enable JTA platform integration)
2024-06-09 18:20:30,746 [INFO] org.springframework.orm.jpa.LocalContainerEntityManagerFactoryBean [restartedMain] Initialized JPA EntityManagerFactory for persistence unit 'default'
2024-06-09 18:20:30,985 [INFO] org.springframework.security.config.annotation.authentication.configuration.InitializeUserDetailsBeanManagerConfigurer$InitializeUserDetailsManagerConfigurer [restartedMain] Global AuthenticationManager configured with UserDetailsService bean with name accountService
2024-06-09 18:20:31,229 [INFO] org.springframework.boot.actuate.endpoint.web.EndpointLinksResolver [restartedMain] Exposing 1 endpoint beneath base path '/actuator'
2024-06-09 18:20:31,272 [INFO] org.springframework.security.web.DefaultSecurityFilterChain [restartedMain] Will secure any request with [org.springframework.security.web.session.DisableEncodeUrlFilter@37c09d6c, org.springframework.security.web.context.request.async.WebAsyncManagerIntegrationFilter@7e3e46cd, org.springframework.security.web.context.SecurityContextHolderFilter@3609a785, org.springframework.security.web.header.HeaderWriterFilter@348547b, org.springframework.web.filter.CorsFilter@443479b0, org.springframework.security.web.authentication.logout.LogoutFilter@251ad26, org.springframework.security.web.authentication.UsernamePasswordAuthenticationFilter@7a8d2703, org.springframework.security.web.savedrequest.RequestCacheAwareFilter@20b74a73, org.springframework.security.web.servletapi.SecurityContextHolderAwareRequestFilter@1433db33, org.springframework.security.web.authentication.rememberme.RememberMeAuthenticationFilter@5aa272b3, org.springframework.security.web.authentication.AnonymousAuthenticationFilter@5b69d79a, org.springframework.security.web.access.ExceptionTranslationFilter@28e9f1c6, org.springframework.security.web.access.intercept.AuthorizationFilter@2aff151f]
2024-06-09 18:20:31,524 [INFO] org.springframework.boot.devtools.autoconfigure.OptionalLiveReloadServer [restartedMain] LiveReload server is running on port 35729
2024-06-09 18:20:31,544 [INFO] org.springframework.boot.web.embedded.tomcat.TomcatWebServer [restartedMain] Tomcat started on port 8080 (http) with context path '/'
2024-06-09 18:20:31,551 [INFO] com.racha.rachadev.RachadevApplication [restartedMain] Started RachadevApplication in 1.735 seconds (process running for 143.95)
2024-06-09 18:20:31,873 [INFO] org.springframework.boot.devtools.autoconfigure.ConditionEvaluationDeltaLoggingListener [restartedMain] Condition evaluation unchanged
2024-06-09 18:20:34,057 [INFO] org.springframework.boot.devtools.autoconfigure.LocalDevToolsAutoConfiguration$RestartingClassPathChangeChangedEventListener [File Watcher] Restarting due to 1 class path change (0 additions, 0 deletions, 1 modification)
2024-06-09 18:20:34,066 [INFO] org.springframework.orm.jpa.LocalContainerEntityManagerFactoryBean [Thread-12] Closing JPA EntityManagerFactory for persistence unit 'default'
2024-06-09 18:20:34,068 [INFO] com.zaxxer.hikari.HikariDataSource [Thread-12] HikariPool-3 - Shutdown initiated...
2024-06-09 18:20:34,278 [INFO] com.zaxxer.hikari.HikariDataSource [Thread-12] HikariPool-3 - Shutdown completed.
2024-06-09 18:20:34,348 [INFO] com.racha.rachadev.RachadevApplication [restartedMain] Starting RachadevApplication using Java 17.0.8 with PID 18792 (C:\Users\ratsh\OneDrive\Documents\vs code\webapp\rachadev\target\classes started by ratsh in C:\Users\ratsh\OneDrive\Documents\vs code\webapp\rachadev)
2024-06-09 18:20:34,349 [DEBUG] com.racha.rachadev.RachadevApplication [restartedMain] Running with Spring Boot v3.3.0, Spring v6.1.8
2024-06-09 18:20:34,349 [INFO] com.racha.rachadev.RachadevApplication [restartedMain] No active profile set, falling back to 1 default profile: "default"
2024-06-09 18:20:34,601 [INFO] org.springframework.data.repository.config.RepositoryConfigurationDelegate [restartedMain] Bootstrapping Spring Data JPA repositories in DEFAULT mode.
2024-06-09 18:20:34,615 [INFO] org.springframework.data.repository.config.RepositoryConfigurationDelegate [restartedMain] Finished Spring Data repository scanning in 13 ms. Found 3 JPA repository interfaces.
2024-06-09 18:20:34,763 [INFO] org.springframework.boot.web.embedded.tomcat.TomcatWebServer [restartedMain] Tomcat initialized with port 8080 (http)
2024-06-09 18:20:34,764 [INFO] org.apache.catalina.core.StandardService [restartedMain] Starting service [Tomcat]
2024-06-09 18:20:34,765 [INFO] org.apache.catalina.core.StandardEngine [restartedMain] Starting Servlet engine: [Apache Tomcat/10.1.24]
2024-06-09 18:20:34,793 [INFO] org.apache.catalina.core.ContainerBase.[Tomcat].[localhost].[/] [restartedMain] Initializing Spring embedded WebApplicationContext
2024-06-09 18:20:34,794 [INFO] org.springframework.boot.web.servlet.context.ServletWebServerApplicationContext [restartedMain] Root WebApplicationContext: initialization completed in 442 ms
2024-06-09 18:20:34,852 [INFO] com.zaxxer.hikari.HikariDataSource [restartedMain] HikariPool-4 - Starting...
2024-06-09 18:20:34,864 [INFO] com.zaxxer.hikari.pool.HikariPool [restartedMain] HikariPool-4 - Added connection conn30: url=jdbc:h2:file:./db/blogdb user=ADMIN
2024-06-09 18:20:34,864 [INFO] com.zaxxer.hikari.HikariDataSource [restartedMain] HikariPool-4 - Start completed.
2024-06-09 18:20:34,865 [INFO] org.springframework.boot.autoconfigure.h2.H2ConsoleAutoConfiguration [restartedMain] H2 console available at '/db-console'. Database available at 'jdbc:h2:file:./db/blogdb'
2024-06-09 18:20:34,923 [INFO] org.hibernate.jpa.internal.util.LogHelper [restartedMain] HHH000204: Processing PersistenceUnitInfo [name: default]
2024-06-09 18:20:34,926 [INFO] org.hibernate.cache.internal.RegionFactoryInitiator [restartedMain] HHH000026: Second-level cache disabled
2024-06-09 18:20:34,931 [INFO] org.springframework.orm.jpa.persistenceunit.SpringPersistenceUnitInfo [restartedMain] No LoadTimeWeaver setup: ignoring JPA class transformer
2024-06-09 18:20:34,933 [WARN] org.hibernate.orm.deprecation [restartedMain] HHH90000025: H2Dialect does not need to be specified explicitly using 'hibernate.dialect' (remove the property setting and it will be selected by default)
2024-06-09 18:20:34,997 [INFO] org.hibernate.engine.transaction.jta.platform.internal.JtaPlatformInitiator [restartedMain] HHH000489: No JTA platform available (set 'hibernate.transaction.jta.platform' to enable JTA platform integration)
2024-06-09 18:20:35,002 [INFO] org.springframework.orm.jpa.LocalContainerEntityManagerFactoryBean [restartedMain] Initialized JPA EntityManagerFactory for persistence unit 'default'
2024-06-09 18:20:35,153 [INFO] org.springframework.security.config.annotation.authentication.configuration.InitializeUserDetailsBeanManagerConfigurer$InitializeUserDetailsManagerConfigurer [restartedMain] Global AuthenticationManager configured with UserDetailsService bean with name accountService
2024-06-09 18:20:35,297 [INFO] org.springframework.boot.actuate.endpoint.web.EndpointLinksResolver [restartedMain] Exposing 1 endpoint beneath base path '/actuator'
2024-06-09 18:20:35,338 [INFO] org.springframework.security.web.DefaultSecurityFilterChain [restartedMain] Will secure any request with [org.springframework.security.web.session.DisableEncodeUrlFilter@2a2f86ae, org.springframework.security.web.context.request.async.WebAsyncManagerIntegrationFilter@3345dfda, org.springframework.security.web.context.SecurityContextHolderFilter@5657f1b1, org.springframework.security.web.header.HeaderWriterFilter@6f18f08e, org.springframework.web.filter.CorsFilter@2bdc6496, org.springframework.security.web.authentication.logout.LogoutFilter@1d4f14e2, org.springframework.security.web.authentication.UsernamePasswordAuthenticationFilter@1bcbb0d1, org.springframework.security.web.savedrequest.RequestCacheAwareFilter@a5c0cc1, org.springframework.security.web.servletapi.SecurityContextHolderAwareRequestFilter@63191882, org.springframework.security.web.authentication.rememberme.RememberMeAuthenticationFilter@630f5f9e, org.springframework.security.web.authentication.AnonymousAuthenticationFilter@5afa15f0, org.springframework.security.web.access.ExceptionTranslationFilter@2c1a0483, org.springframework.security.web.access.intercept.AuthorizationFilter@5cfa06aa]
2024-06-09 18:20:35,562 [INFO] org.springframework.boot.devtools.autoconfigure.OptionalLiveReloadServer [restartedMain] LiveReload server is running on port 35729
2024-06-09 18:20:35,580 [INFO] org.springframework.boot.web.embedded.tomcat.TomcatWebServer [restartedMain] Tomcat started on port 8080 (http) with context path '/'
2024-06-09 18:20:35,586 [INFO] com.racha.rachadev.RachadevApplication [restartedMain] Started RachadevApplication in 1.26 seconds (process running for 147.986)
2024-06-09 18:20:35,906 [INFO] org.springframework.boot.devtools.autoconfigure.ConditionEvaluationDeltaLoggingListener [restartedMain] Condition evaluation unchanged
2024-06-09 18:20:38,102 [INFO] org.springframework.boot.devtools.autoconfigure.LocalDevToolsAutoConfiguration$RestartingClassPathChangeChangedEventListener [File Watcher] Restarting due to 1 class path change (0 additions, 0 deletions, 1 modification)
2024-06-09 18:20:38,114 [INFO] org.springframework.orm.jpa.LocalContainerEntityManagerFactoryBean [Thread-16] Closing JPA EntityManagerFactory for persistence unit 'default'
2024-06-09 18:20:38,117 [INFO] com.zaxxer.hikari.HikariDataSource [Thread-16] HikariPool-4 - Shutdown initiated...
2024-06-09 18:20:38,323 [INFO] com.zaxxer.hikari.HikariDataSource [Thread-16] HikariPool-4 - Shutdown completed.
2024-06-09 18:20:38,394 [INFO] com.racha.rachadev.RachadevApplication [restartedMain] Starting RachadevApplication using Java 17.0.8 with PID 18792 (C:\Users\ratsh\OneDrive\Documents\vs code\webapp\rachadev\target\classes started by ratsh in C:\Users\ratsh\OneDrive\Documents\vs code\webapp\rachadev)
2024-06-09 18:20:38,395 [DEBUG] com.racha.rachadev.RachadevApplication [restartedMain] Running with Spring Boot v3.3.0, Spring v6.1.8
2024-06-09 18:20:38,396 [INFO] com.racha.rachadev.RachadevApplication [restartedMain] No active profile set, falling back to 1 default profile: "default"
2024-06-09 18:20:38,599 [INFO] org.springframework.data.repository.config.RepositoryConfigurationDelegate [restartedMain] Bootstrapping Spring Data JPA repositories in DEFAULT mode.
2024-06-09 18:20:38,608 [INFO] org.springframework.data.repository.config.RepositoryConfigurationDelegate [restartedMain] Finished Spring Data repository scanning in 8 ms. Found 3 JPA repository interfaces.
2024-06-09 18:20:38,723 [INFO] org.springframework.boot.web.embedded.tomcat.TomcatWebServer [restartedMain] Tomcat initialized with port 8080 (http)
2024-06-09 18:20:38,724 [INFO] org.apache.catalina.core.StandardService [restartedMain] Starting service [Tomcat]
2024-06-09 18:20:38,725 [INFO] org.apache.catalina.core.StandardEngine [restartedMain] Starting Servlet engine: [Apache Tomcat/10.1.24]
2024-06-09 18:20:38,751 [INFO] org.apache.catalina.core.ContainerBase.[Tomcat].[localhost].[/] [restartedMain] Initializing Spring embedded WebApplicationContext
2024-06-09 18:20:38,751 [INFO] org.springframework.boot.web.servlet.context.ServletWebServerApplicationContext [restartedMain] Root WebApplicationContext: initialization completed in 353 ms
2024-06-09 18:20:38,802 [INFO] com.zaxxer.hikari.HikariDataSource [restartedMain] HikariPool-5 - Starting...
2024-06-09 18:20:38,812 [INFO] com.zaxxer.hikari.pool.HikariPool [restartedMain] HikariPool-5 - Added connection conn40: url=jdbc:h2:file:./db/blogdb user=ADMIN
2024-06-09 18:20:38,813 [INFO] com.zaxxer.hikari.HikariDataSource [restartedMain] HikariPool-5 - Start completed.
2024-06-09 18:20:38,814 [INFO] org.springframework.boot.autoconfigure.h2.H2ConsoleAutoConfiguration [restartedMain] H2 console available at '/db-console'. Database available at 'jdbc:h2:file:./db/blogdb'
2024-06-09 18:20:38,862 [INFO] org.hibernate.jpa.internal.util.LogHelper [restartedMain] HHH000204: Processing PersistenceUnitInfo [name: default]
2024-06-09 18:20:38,865 [INFO] org.hibernate.cache.internal.RegionFactoryInitiator [restartedMain] HHH000026: Second-level cache disabled
2024-06-09 18:20:38,871 [INFO] org.springframework.orm.jpa.persistenceunit.SpringPersistenceUnitInfo [restartedMain] No LoadTimeWeaver setup: ignoring JPA class transformer
2024-06-09 18:20:38,874 [WARN] org.hibernate.orm.deprecation [restartedMain] HHH90000025: H2Dialect does not need to be specified explicitly using 'hibernate.dialect' (remove the property setting and it will be selected by default)
2024-06-09 18:20:38,945 [INFO] org.hibernate.engine.transaction.jta.platform.internal.JtaPlatformInitiator [restartedMain] HHH000489: No JTA platform available (set 'hibernate.transaction.jta.platform' to enable JTA platform integration)
2024-06-09 18:20:38,952 [INFO] org.springframework.orm.jpa.LocalContainerEntityManagerFactoryBean [restartedMain] Initialized JPA EntityManagerFactory for persistence unit 'default'
2024-06-09 18:20:39,101 [INFO] org.springframework.security.config.annotation.authentication.configuration.InitializeUserDetailsBeanManagerConfigurer$InitializeUserDetailsManagerConfigurer [restartedMain] Global AuthenticationManager configured with UserDetailsService bean with name accountService
2024-06-09 18:20:39,237 [INFO] org.springframework.boot.actuate.endpoint.web.EndpointLinksResolver [restartedMain] Exposing 1 endpoint beneath base path '/actuator'
2024-06-09 18:20:39,277 [INFO] org.springframework.security.web.DefaultSecurityFilterChain [restartedMain] Will secure any request with [org.springframework.security.web.session.DisableEncodeUrlFilter@72303cf9, org.springframework.security.web.context.request.async.WebAsyncManagerIntegrationFilter@58dbeeac, org.springframework.security.web.context.SecurityContextHolderFilter@1ccd561c, org.springframework.security.web.header.HeaderWriterFilter@11d6f17f, org.springframework.web.filter.CorsFilter@6fb9d57c, org.springframework.security.web.authentication.logout.LogoutFilter@adf19ba, org.springframework.security.web.authentication.UsernamePasswordAuthenticationFilter@6b1b8941, org.springframework.security.web.savedrequest.RequestCacheAwareFilter@5f2dda2e, org.springframework.security.web.servletapi.SecurityContextHolderAwareRequestFilter@743a55f5, org.springframework.security.web.authentication.rememberme.RememberMeAuthenticationFilter@452ded8e, org.springframework.security.web.authentication.AnonymousAuthenticationFilter@77e0d3ef, org.springframework.security.web.access.ExceptionTranslationFilter@672ba22e, org.springframework.security.web.access.intercept.AuthorizationFilter@199dbf5b]
2024-06-09 18:20:39,493 [INFO] org.springframework.boot.devtools.autoconfigure.OptionalLiveReloadServer [restartedMain] LiveReload server is running on port 35729
2024-06-09 18:20:39,516 [INFO] org.springframework.boot.web.embedded.tomcat.TomcatWebServer [restartedMain] Tomcat started on port 8080 (http) with context path '/'
2024-06-09 18:20:39,525 [INFO] com.racha.rachadev.RachadevApplication [restartedMain] Started RachadevApplication in 1.148 seconds (process running for 151.923)
2024-06-09 18:20:39,844 [INFO] org.springframework.boot.devtools.autoconfigure.ConditionEvaluationDeltaLoggingListener [restartedMain] Condition evaluation unchanged
2024-06-09 18:20:44,084 [INFO] org.springframework.boot.devtools.autoconfigure.LocalDevToolsAutoConfiguration$RestartingClassPathChangeChangedEventListener [File Watcher] Restarting due to 1 class path change (0 additions, 0 deletions, 1 modification)
2024-06-09 18:20:44,094 [INFO] org.springframework.orm.jpa.LocalContainerEntityManagerFactoryBean [Thread-20] Closing JPA EntityManagerFactory for persistence unit 'default'
2024-06-09 18:20:44,096 [INFO] com.zaxxer.hikari.HikariDataSource [Thread-20] HikariPool-5 - Shutdown initiated...
2024-06-09 18:20:44,303 [INFO] com.zaxxer.hikari.HikariDataSource [Thread-20] HikariPool-5 - Shutdown completed.
2024-06-09 18:20:44,387 [INFO] com.racha.rachadev.RachadevApplication [restartedMain] Starting RachadevApplication using Java 17.0.8 with PID 18792 (C:\Users\ratsh\OneDrive\Documents\vs code\webapp\rachadev\target\classes started by ratsh in C:\Users\ratsh\OneDrive\Documents\vs code\webapp\rachadev)
2024-06-09 18:20:44,388 [DEBUG] com.racha.rachadev.RachadevApplication [restartedMain] Running with Spring Boot v3.3.0, Spring v6.1.8
2024-06-09 18:20:44,389 [INFO] com.racha.rachadev.RachadevApplication [restartedMain] No active profile set, falling back to 1 default profile: "default"
2024-06-09 18:20:44,583 [INFO] org.springframework.data.repository.config.RepositoryConfigurationDelegate [restartedMain] Bootstrapping Spring Data JPA repositories in DEFAULT mode.
2024-06-09 18:20:44,595 [INFO] org.springframework.data.repository.config.RepositoryConfigurationDelegate [restartedMain] Finished Spring Data repository scanning in 10 ms. Found 3 JPA repository interfaces.
2024-06-09 18:20:44,774 [INFO] org.springframework.boot.web.embedded.tomcat.TomcatWebServer [restartedMain] Tomcat initialized with port 8080 (http)
2024-06-09 18:20:44,774 [INFO] org.apache.catalina.core.StandardService [restartedMain] Starting service [Tomcat]
2024-06-09 18:20:44,775 [INFO] org.apache.catalina.core.StandardEngine [restartedMain] Starting Servlet engine: [Apache Tomcat/10.1.24]
2024-06-09 18:20:44,795 [INFO] org.apache.catalina.core.ContainerBase.[Tomcat].[localhost].[/] [restartedMain] Initializing Spring embedded WebApplicationContext
2024-06-09 18:20:44,796 [INFO] org.springframework.boot.web.servlet.context.ServletWebServerApplicationContext [restartedMain] Root WebApplicationContext: initialization completed in 405 ms
2024-06-09 18:20:44,834 [INFO] com.zaxxer.hikari.HikariDataSource [restartedMain] HikariPool-6 - Starting...
2024-06-09 18:20:44,844 [INFO] com.zaxxer.hikari.pool.HikariPool [restartedMain] HikariPool-6 - Added connection conn50: url=jdbc:h2:file:./db/blogdb user=ADMIN
2024-06-09 18:20:44,845 [INFO] com.zaxxer.hikari.HikariDataSource [restartedMain] HikariPool-6 - Start completed.
2024-06-09 18:20:44,845 [INFO] org.springframework.boot.autoconfigure.h2.H2ConsoleAutoConfiguration [restartedMain] H2 console available at '/db-console'. Database available at 'jdbc:h2:file:./db/blogdb'
2024-06-09 18:20:44,911 [INFO] org.hibernate.jpa.internal.util.LogHelper [restartedMain] HHH000204: Processing PersistenceUnitInfo [name: default]
2024-06-09 18:20:44,913 [INFO] org.hibernate.cache.internal.RegionFactoryInitiator [restartedMain] HHH000026: Second-level cache disabled
2024-06-09 18:20:44,920 [INFO] org.springframework.orm.jpa.persistenceunit.SpringPersistenceUnitInfo [restartedMain] No LoadTimeWeaver setup: ignoring JPA class transformer
2024-06-09 18:20:44,922 [WARN] org.hibernate.orm.deprecation [restartedMain] HHH90000025: H2Dialect does not need to be specified explicitly using 'hibernate.dialect' (remove the property setting and it will be selected by default)
2024-06-09 18:20:44,979 [INFO] org.hibernate.engine.transaction.jta.platform.internal.JtaPlatformInitiator [restartedMain] HHH000489: No JTA platform available (set 'hibernate.transaction.jta.platform' to enable JTA platform integration)
2024-06-09 18:20:44,986 [INFO] org.springframework.orm.jpa.LocalContainerEntityManagerFactoryBean [restartedMain] Initialized JPA EntityManagerFactory for persistence unit 'default'
2024-06-09 18:20:45,132 [INFO] org.springframework.security.config.annotation.authentication.configuration.InitializeUserDetailsBeanManagerConfigurer$InitializeUserDetailsManagerConfigurer [restartedMain] Global AuthenticationManager configured with UserDetailsService bean with name accountService
2024-06-09 18:20:45,270 [INFO] org.springframework.boot.actuate.endpoint.web.EndpointLinksResolver [restartedMain] Exposing 1 endpoint beneath base path '/actuator'
2024-06-09 18:20:45,305 [INFO] org.springframework.security.web.DefaultSecurityFilterChain [restartedMain] Will secure any request with [org.springframework.security.web.session.DisableEncodeUrlFilter@46b04baf, org.springframework.security.web.context.request.async.WebAsyncManagerIntegrationFilter@118d612b, org.springframework.security.web.context.SecurityContextHolderFilter@280d2801, org.springframework.security.web.header.HeaderWriterFilter@672a9f63, org.springframework.web.filter.CorsFilter@630e3b14, org.springframework.security.web.authentication.logout.LogoutFilter@2aaef69e, org.springframework.security.web.authentication.UsernamePasswordAuthenticationFilter@6906c501, org.springframework.security.web.savedrequest.RequestCacheAwareFilter@b647b38, org.springframework.security.web.servletapi.SecurityContextHolderAwareRequestFilter@4017dec, org.springframework.security.web.authentication.rememberme.RememberMeAuthenticationFilter@23ae888a, org.springframework.security.web.authentication.AnonymousAuthenticationFilter@11b8ee04, org.springframework.security.web.access.ExceptionTranslationFilter@2160d02f, org.springframework.security.web.access.intercept.AuthorizationFilter@7490baba]
2024-06-09 18:20:45,486 [INFO] org.springframework.boot.devtools.autoconfigure.OptionalLiveReloadServer [restartedMain] LiveReload server is running on port 35729
2024-06-09 18:20:45,502 [INFO] org.springframework.boot.web.embedded.tomcat.TomcatWebServer [restartedMain] Tomcat started on port 8080 (http) with context path '/'
2024-06-09 18:20:45,510 [INFO] com.racha.rachadev.RachadevApplication [restartedMain] Started RachadevApplication in 1.143 seconds (process running for 157.908)
2024-06-09 18:20:45,836 [INFO] org.springframework.boot.devtools.autoconfigure.ConditionEvaluationDeltaLoggingListener [restartedMain] Condition evaluation unchanged
2024-06-09 18:21:42,082 [INFO] org.springframework.boot.devtools.autoconfigure.LocalDevToolsAutoConfiguration$RestartingClassPathChangeChangedEventListener [File Watcher] Restarting due to 1 class path change (0 additions, 0 deletions, 1 modification)
2024-06-09 18:21:42,094 [INFO] org.springframework.orm.jpa.LocalContainerEntityManagerFactoryBean [Thread-24] Closing JPA EntityManagerFactory for persistence unit 'default'
2024-06-09 18:21:42,097 [INFO] com.zaxxer.hikari.HikariDataSource [Thread-24] HikariPool-6 - Shutdown initiated...
2024-06-09 18:21:42,306 [INFO] com.zaxxer.hikari.HikariDataSource [Thread-24] HikariPool-6 - Shutdown completed.
2024-06-09 18:21:42,381 [INFO] com.racha.rachadev.RachadevApplication [restartedMain] Starting RachadevApplication using Java 17.0.8 with PID 18792 (C:\Users\ratsh\OneDrive\Documents\vs code\webapp\rachadev\target\classes started by ratsh in C:\Users\ratsh\OneDrive\Documents\vs code\webapp\rachadev)
2024-06-09 18:21:42,382 [DEBUG] com.racha.rachadev.RachadevApplication [restartedMain] Running with Spring Boot v3.3.0, Spring v6.1.8
2024-06-09 18:21:42,383 [INFO] com.racha.rachadev.RachadevApplication [restartedMain] No active profile set, falling back to 1 default profile: "default"
2024-06-09 18:21:42,612 [INFO] org.springframework.data.repository.config.RepositoryConfigurationDelegate [restartedMain] Bootstrapping Spring Data JPA repositories in DEFAULT mode.
2024-06-09 18:21:42,625 [INFO] org.springframework.data.repository.config.RepositoryConfigurationDelegate [restartedMain] Finished Spring Data repository scanning in 12 ms. Found 3 JPA repository interfaces.
2024-06-09 18:21:42,767 [INFO] org.springframework.boot.web.embedded.tomcat.TomcatWebServer [restartedMain] Tomcat initialized with port 8080 (http)
2024-06-09 18:21:42,768 [INFO] org.apache.catalina.core.StandardService [restartedMain] Starting service [Tomcat]
2024-06-09 18:21:42,771 [INFO] org.apache.catalina.core.StandardEngine [restartedMain] Starting Servlet engine: [Apache Tomcat/10.1.24]
2024-06-09 18:21:42,802 [INFO] org.apache.catalina.core.ContainerBase.[Tomcat].[localhost].[/] [restartedMain] Initializing Spring embedded WebApplicationContext
2024-06-09 18:21:42,803 [INFO] org.springframework.boot.web.servlet.context.ServletWebServerApplicationContext [restartedMain] Root WebApplicationContext: initialization completed in 419 ms
2024-06-09 18:21:42,873 [INFO] com.zaxxer.hikari.HikariDataSource [restartedMain] HikariPool-7 - Starting...
2024-06-09 18:21:42,882 [INFO] com.zaxxer.hikari.pool.HikariPool [restartedMain] HikariPool-7 - Added connection conn60: url=jdbc:h2:file:./db/blogdb user=ADMIN
2024-06-09 18:21:42,883 [INFO] com.zaxxer.hikari.HikariDataSource [restartedMain] HikariPool-7 - Start completed.
2024-06-09 18:21:42,883 [INFO] org.springframework.boot.autoconfigure.h2.H2ConsoleAutoConfiguration [restartedMain] H2 console available at '/db-console'. Database available at 'jdbc:h2:file:./db/blogdb'
2024-06-09 18:21:42,947 [INFO] org.hibernate.jpa.internal.util.LogHelper [restartedMain] HHH000204: Processing PersistenceUnitInfo [name: default]
2024-06-09 18:21:42,949 [INFO] org.hibernate.cache.internal.RegionFactoryInitiator [restartedMain] HHH000026: Second-level cache disabled
2024-06-09 18:21:42,956 [INFO] org.springframework.orm.jpa.persistenceunit.SpringPersistenceUnitInfo [restartedMain] No LoadTimeWeaver setup: ignoring JPA class transformer
2024-06-09 18:21:42,958 [WARN] org.hibernate.orm.deprecation [restartedMain] HHH90000025: H2Dialect does not need to be specified explicitly using 'hibernate.dialect' (remove the property setting and it will be selected by default)
2024-06-09 18:21:43,010 [INFO] org.hibernate.engine.transaction.jta.platform.internal.JtaPlatformInitiator [restartedMain] HHH000489: No JTA platform available (set 'hibernate.transaction.jta.platform' to enable JTA platform integration)
2024-06-09 18:21:43,015 [INFO] org.springframework.orm.jpa.LocalContainerEntityManagerFactoryBean [restartedMain] Initialized JPA EntityManagerFactory for persistence unit 'default'
2024-06-09 18:21:43,155 [INFO] org.springframework.security.config.annotation.authentication.configuration.InitializeUserDetailsBeanManagerConfigurer$InitializeUserDetailsManagerConfigurer [restartedMain] Global AuthenticationManager configured with UserDetailsService bean with name accountService
2024-06-09 18:21:43,345 [INFO] org.springframework.boot.actuate.endpoint.web.EndpointLinksResolver [restartedMain] Exposing 1 endpoint beneath base path '/actuator'
2024-06-09 18:21:43,384 [INFO] org.springframework.security.web.DefaultSecurityFilterChain [restartedMain] Will secure any request with [org.springframework.security.web.session.DisableEncodeUrlFilter@f9693e0, org.springframework.security.web.context.request.async.WebAsyncManagerIntegrationFilter@56036e9, org.springframework.security.web.context.SecurityContextHolderFilter@28f971f7, org.springframework.security.web.header.HeaderWriterFilter@1e5ffd5b, org.springframework.web.filter.CorsFilter@1911dfcb, org.springframework.security.web.authentication.logout.LogoutFilter@2a8a1ca3, org.springframework.security.web.authentication.UsernamePasswordAuthenticationFilter@145a8bb5, org.springframework.security.web.savedrequest.RequestCacheAwareFilter@799887fa, org.springframework.security.web.servletapi.SecurityContextHolderAwareRequestFilter@631be9da, org.springframework.security.web.authentication.rememberme.RememberMeAuthenticationFilter@4479d0b3, org.springframework.security.web.authentication.AnonymousAuthenticationFilter@62c21707, org.springframework.security.web.access.ExceptionTranslationFilter@3584bf94, org.springframework.security.web.access.intercept.AuthorizationFilter@5589c635]
2024-06-09 18:21:43,551 [INFO] org.springframework.boot.devtools.autoconfigure.OptionalLiveReloadServer [restartedMain] LiveReload server is running on port 35729
2024-06-09 18:21:43,564 [INFO] org.springframework.boot.web.embedded.tomcat.TomcatWebServer [restartedMain] Tomcat started on port 8080 (http) with context path '/'
2024-06-09 18:21:43,569 [INFO] com.racha.rachadev.RachadevApplication [restartedMain] Started RachadevApplication in 1.208 seconds (process running for 215.968)
2024-06-09 18:21:43,876 [INFO] org.springframework.boot.devtools.autoconfigure.ConditionEvaluationDeltaLoggingListener [restartedMain] Condition evaluation unchanged
2024-06-09 18:21:48,169 [INFO] org.springframework.boot.devtools.autoconfigure.LocalDevToolsAutoConfiguration$RestartingClassPathChangeChangedEventListener [File Watcher] Restarting due to 1 class path change (0 additions, 0 deletions, 1 modification)
2024-06-09 18:21:48,180 [INFO] org.springframework.orm.jpa.LocalContainerEntityManagerFactoryBean [Thread-28] Closing JPA EntityManagerFactory for persistence unit 'default'
2024-06-09 18:21:48,183 [INFO] com.zaxxer.hikari.HikariDataSource [Thread-28] HikariPool-7 - Shutdown initiated...
2024-06-09 18:21:48,397 [INFO] com.zaxxer.hikari.HikariDataSource [Thread-28] HikariPool-7 - Shutdown completed.
2024-06-09 18:21:48,470 [INFO] com.racha.rachadev.RachadevApplication [restartedMain] Starting RachadevApplication using Java 17.0.8 with PID 18792 (C:\Users\ratsh\OneDrive\Documents\vs code\webapp\rachadev\target\classes started by ratsh in C:\Users\ratsh\OneDrive\Documents\vs code\webapp\rachadev)
2024-06-09 18:21:48,471 [DEBUG] com.racha.rachadev.RachadevApplication [restartedMain] Running with Spring Boot v3.3.0, Spring v6.1.8
2024-06-09 18:21:48,471 [INFO] com.racha.rachadev.RachadevApplication [restartedMain] No active profile set, falling back to 1 default profile: "default"
2024-06-09 18:21:48,648 [INFO] org.springframework.data.repository.config.RepositoryConfigurationDelegate [restartedMain] Bootstrapping Spring Data JPA repositories in DEFAULT mode.
2024-06-09 18:21:48,661 [INFO] org.springframework.data.repository.config.RepositoryConfigurationDelegate [restartedMain] Finished Spring Data repository scanning in 11 ms. Found 3 JPA repository interfaces.
2024-06-09 18:21:48,806 [INFO] org.springframework.boot.web.embedded.tomcat.TomcatWebServer [restartedMain] Tomcat initialized with port 8080 (http)
2024-06-09 18:21:48,807 [INFO] org.apache.catalina.core.StandardService [restartedMain] Starting service [Tomcat]
2024-06-09 18:21:48,807 [INFO] org.apache.catalina.core.StandardEngine [restartedMain] Starting Servlet engine: [Apache Tomcat/10.1.24]
2024-06-09 18:21:48,844 [INFO] org.apache.catalina.core.ContainerBase.[Tomcat].[localhost].[/] [restartedMain] Initializing Spring embedded WebApplicationContext
2024-06-09 18:21:48,845 [INFO] org.springframework.boot.web.servlet.context.ServletWebServerApplicationContext [restartedMain] Root WebApplicationContext: initialization completed in 371 ms
2024-06-09 18:21:48,903 [INFO] com.zaxxer.hikari.HikariDataSource [restartedMain] HikariPool-8 - Starting...
2024-06-09 18:21:48,911 [INFO] com.zaxxer.hikari.pool.HikariPool [restartedMain] HikariPool-8 - Added connection conn70: url=jdbc:h2:file:./db/blogdb user=ADMIN
2024-06-09 18:21:48,912 [INFO] com.zaxxer.hikari.HikariDataSource [restartedMain] HikariPool-8 - Start completed.
2024-06-09 18:21:48,912 [INFO] org.springframework.boot.autoconfigure.h2.H2ConsoleAutoConfiguration [restartedMain] H2 console available at '/db-console'. Database available at 'jdbc:h2:file:./db/blogdb'
2024-06-09 18:21:48,969 [INFO] org.hibernate.jpa.internal.util.LogHelper [restartedMain] HHH000204: Processing PersistenceUnitInfo [name: default]
2024-06-09 18:21:48,971 [INFO] org.hibernate.cache.internal.RegionFactoryInitiator [restartedMain] HHH000026: Second-level cache disabled
2024-06-09 18:21:48,977 [INFO] org.springframework.orm.jpa.persistenceunit.SpringPersistenceUnitInfo [restartedMain] No LoadTimeWeaver setup: ignoring JPA class transformer
2024-06-09 18:21:48,979 [WARN] org.hibernate.orm.deprecation [restartedMain] HHH90000025: H2Dialect does not need to be specified explicitly using 'hibernate.dialect' (remove the property setting and it will be selected by default)
2024-06-09 18:21:49,044 [INFO] org.hibernate.engine.transaction.jta.platform.internal.JtaPlatformInitiator [restartedMain] HHH000489: No JTA platform available (set 'hibernate.transaction.jta.platform' to enable JTA platform integration)
2024-06-09 18:21:49,051 [INFO] org.springframework.orm.jpa.LocalContainerEntityManagerFactoryBean [restartedMain] Initialized JPA EntityManagerFactory for persistence unit 'default'
2024-06-09 18:21:49,188 [INFO] org.springframework.security.config.annotation.authentication.configuration.InitializeUserDetailsBeanManagerConfigurer$InitializeUserDetailsManagerConfigurer [restartedMain] Global AuthenticationManager configured with UserDetailsService bean with name accountService
2024-06-09 18:21:49,359 [INFO] org.springframework.boot.actuate.endpoint.web.EndpointLinksResolver [restartedMain] Exposing 1 endpoint beneath base path '/actuator'
2024-06-09 18:21:49,396 [INFO] org.springframework.security.web.DefaultSecurityFilterChain [restartedMain] Will secure any request with [org.springframework.security.web.session.DisableEncodeUrlFilter@7ddbbe4d, org.springframework.security.web.context.request.async.WebAsyncManagerIntegrationFilter@268ed6d8, org.springframework.security.web.context.SecurityContextHolderFilter@460a00ee, org.springframework.security.web.header.HeaderWriterFilter@3cea88e3, org.springframework.web.filter.CorsFilter@5072dfbf, org.springframework.security.web.authentication.logout.LogoutFilter@7f403aff, org.springframework.security.web.authentication.UsernamePasswordAuthenticationFilter@7b19fab, org.springframework.security.web.savedrequest.RequestCacheAwareFilter@2ea09ae0, org.springframework.security.web.servletapi.SecurityContextHolderAwareRequestFilter@765aa60e, org.springframework.security.web.authentication.rememberme.RememberMeAuthenticationFilter@598041d7, org.springframework.security.web.authentication.AnonymousAuthenticationFilter@5bd5698e, org.springframework.security.web.access.ExceptionTranslationFilter@5e57c27f, org.springframework.security.web.access.intercept.AuthorizationFilter@322de81e]
2024-06-09 18:21:49,543 [INFO] org.springframework.boot.devtools.autoconfigure.OptionalLiveReloadServer [restartedMain] LiveReload server is running on port 35729
2024-06-09 18:21:49,556 [INFO] org.springframework.boot.web.embedded.tomcat.TomcatWebServer [restartedMain] Tomcat started on port 8080 (http) with context path '/'
2024-06-09 18:21:49,562 [INFO] com.racha.rachadev.RachadevApplication [restartedMain] Started RachadevApplication in 1.11 seconds (process running for 221.961)
2024-06-09 18:21:49,853 [INFO] org.springframework.boot.devtools.autoconfigure.ConditionEvaluationDeltaLoggingListener [restartedMain] Condition evaluation unchanged
2024-06-09 18:21:54,101 [INFO] org.springframework.boot.devtools.autoconfigure.LocalDevToolsAutoConfiguration$RestartingClassPathChangeChangedEventListener [File Watcher] Restarting due to 1 class path change (0 additions, 0 deletions, 1 modification)
2024-06-09 18:21:54,112 [INFO] org.springframework.orm.jpa.LocalContainerEntityManagerFactoryBean [Thread-32] Closing JPA EntityManagerFactory for persistence unit 'default'
2024-06-09 18:21:54,114 [INFO] com.zaxxer.hikari.HikariDataSource [Thread-32] HikariPool-8 - Shutdown initiated...
2024-06-09 18:21:54,333 [INFO] com.zaxxer.hikari.HikariDataSource [Thread-32] HikariPool-8 - Shutdown completed.
2024-06-09 18:21:54,415 [INFO] com.racha.rachadev.RachadevApplication [restartedMain] Starting RachadevApplication using Java 17.0.8 with PID 18792 (C:\Users\ratsh\OneDrive\Documents\vs code\webapp\rachadev\target\classes started by ratsh in C:\Users\ratsh\OneDrive\Documents\vs code\webapp\rachadev)
2024-06-09 18:21:54,416 [DEBUG] com.racha.rachadev.RachadevApplication [restartedMain] Running with Spring Boot v3.3.0, Spring v6.1.8
2024-06-09 18:21:54,417 [INFO] com.racha.rachadev.RachadevApplication [restartedMain] No active profile set, falling back to 1 default profile: "default"
2024-06-09 18:21:54,626 [INFO] org.springframework.data.repository.config.RepositoryConfigurationDelegate [restartedMain] Bootstrapping Spring Data JPA repositories in DEFAULT mode.
2024-06-09 18:21:54,635 [INFO] org.springframework.data.repository.config.RepositoryConfigurationDelegate [restartedMain] Finished Spring Data repository scanning in 8 ms. Found 3 JPA repository interfaces.
2024-06-09 18:21:54,738 [INFO] org.springframework.boot.web.embedded.tomcat.TomcatWebServer [restartedMain] Tomcat initialized with port 8080 (http)
2024-06-09 18:21:54,740 [INFO] org.apache.catalina.core.StandardService [restartedMain] Starting service [Tomcat]
2024-06-09 18:21:54,740 [INFO] org.apache.catalina.core.StandardEngine [restartedMain] Starting Servlet engine: [Apache Tomcat/10.1.24]
2024-06-09 18:21:54,760 [INFO] org.apache.catalina.core.ContainerBase.[Tomcat].[localhost].[/] [restartedMain] Initializing Spring embedded WebApplicationContext
2024-06-09 18:21:54,761 [INFO] org.springframework.boot.web.servlet.context.ServletWebServerApplicationContext [restartedMain] Root WebApplicationContext: initialization completed in 343 ms
2024-06-09 18:21:54,801 [INFO] com.zaxxer.hikari.HikariDataSource [restartedMain] HikariPool-9 - Starting...
2024-06-09 18:21:54,809 [INFO] com.zaxxer.hikari.pool.HikariPool [restartedMain] HikariPool-9 - Added connection conn80: url=jdbc:h2:file:./db/blogdb user=ADMIN
2024-06-09 18:21:54,811 [INFO] com.zaxxer.hikari.HikariDataSource [restartedMain] HikariPool-9 - Start completed.
2024-06-09 18:21:54,811 [INFO] org.springframework.boot.autoconfigure.h2.H2ConsoleAutoConfiguration [restartedMain] H2 console available at '/db-console'. Database available at 'jdbc:h2:file:./db/blogdb'
2024-06-09 18:21:54,856 [INFO] org.hibernate.jpa.internal.util.LogHelper [restartedMain] HHH000204: Processing PersistenceUnitInfo [name: default]
2024-06-09 18:21:54,859 [INFO] org.hibernate.cache.internal.RegionFactoryInitiator [restartedMain] HHH000026: Second-level cache disabled
2024-06-09 18:21:54,864 [INFO] org.springframework.orm.jpa.persistenceunit.SpringPersistenceUnitInfo [restartedMain] No LoadTimeWeaver setup: ignoring JPA class transformer
2024-06-09 18:21:54,866 [WARN] org.hibernate.orm.deprecation [restartedMain] HHH90000025: H2Dialect does not need to be specified explicitly using 'hibernate.dialect' (remove the property setting and it will be selected by default)
2024-06-09 18:21:54,922 [INFO] org.hibernate.engine.transaction.jta.platform.internal.JtaPlatformInitiator [restartedMain] HHH000489: No JTA platform available (set 'hibernate.transaction.jta.platform' to enable JTA platform integration)
2024-06-09 18:21:54,928 [INFO] org.springframework.orm.jpa.LocalContainerEntityManagerFactoryBean [restartedMain] Initialized JPA EntityManagerFactory for persistence unit 'default'
2024-06-09 18:21:55,076 [INFO] org.springframework.security.config.annotation.authentication.configuration.InitializeUserDetailsBeanManagerConfigurer$InitializeUserDetailsManagerConfigurer [restartedMain] Global AuthenticationManager configured with UserDetailsService bean with name accountService
2024-06-09 18:21:55,243 [INFO] org.springframework.boot.actuate.endpoint.web.EndpointLinksResolver [restartedMain] Exposing 1 endpoint beneath base path '/actuator'
2024-06-09 18:21:55,275 [INFO] org.springframework.security.web.DefaultSecurityFilterChain [restartedMain] Will secure any request with [org.springframework.security.web.session.DisableEncodeUrlFilter@99b97a6, org.springframework.security.web.context.request.async.WebAsyncManagerIntegrationFilter@4029fa38, org.springframework.security.web.context.SecurityContextHolderFilter@1a921a95, org.springframework.security.web.header.HeaderWriterFilter@43f0deeb, org.springframework.web.filter.CorsFilter@57c82b78, org.springframework.security.web.authentication.logout.LogoutFilter@7f57d87c, org.springframework.security.web.authentication.UsernamePasswordAuthenticationFilter@143b1487, org.springframework.security.web.savedrequest.RequestCacheAwareFilter@29725393, org.springframework.security.web.servletapi.SecurityContextHolderAwareRequestFilter@350365ba, org.springframework.security.web.authentication.rememberme.RememberMeAuthenticationFilter@5bc2473a, org.springframework.security.web.authentication.AnonymousAuthenticationFilter@308866df, org.springframework.security.web.access.ExceptionTranslationFilter@6c96e4c1, org.springframework.security.web.access.intercept.AuthorizationFilter@5f902f2]
2024-06-09 18:21:55,500 [INFO] org.springframework.boot.devtools.autoconfigure.OptionalLiveReloadServer [restartedMain] LiveReload server is running on port 35729
2024-06-09 18:21:55,541 [INFO] org.springframework.boot.web.embedded.tomcat.TomcatWebServer [restartedMain] Tomcat started on port 8080 (http) with context path '/'
2024-06-09 18:21:55,550 [INFO] com.racha.rachadev.RachadevApplication [restartedMain] Started RachadevApplication in 1.152 seconds (process running for 227.949)
2024-06-09 18:21:55,948 [INFO] org.springframework.boot.devtools.autoconfigure.ConditionEvaluationDeltaLoggingListener [restartedMain] Condition evaluation unchanged
2024-06-09 18:21:59,032 [INFO] org.springframework.boot.devtools.autoconfigure.LocalDevToolsAutoConfiguration$RestartingClassPathChangeChangedEventListener [File Watcher] Restarting due to 1 class path change (0 additions, 0 deletions, 1 modification)
2024-06-09 18:21:59,043 [INFO] org.springframework.orm.jpa.LocalContainerEntityManagerFactoryBean [Thread-36] Closing JPA EntityManagerFactory for persistence unit 'default'
2024-06-09 18:21:59,045 [INFO] com.zaxxer.hikari.HikariDataSource [Thread-36] HikariPool-9 - Shutdown initiated...
2024-06-09 18:21:59,270 [INFO] com.zaxxer.hikari.HikariDataSource [Thread-36] HikariPool-9 - Shutdown completed.
2024-06-09 18:21:59,352 [INFO] com.racha.rachadev.RachadevApplication [restartedMain] Starting RachadevApplication using Java 17.0.8 with PID 18792 (C:\Users\ratsh\OneDrive\Documents\vs code\webapp\rachadev\target\classes started by ratsh in C:\Users\ratsh\OneDrive\Documents\vs code\webapp\rachadev)
2024-06-09 18:21:59,353 [DEBUG] com.racha.rachadev.RachadevApplication [restartedMain] Running with Spring Boot v3.3.0, Spring v6.1.8
2024-06-09 18:21:59,353 [INFO] com.racha.rachadev.RachadevApplication [restartedMain] No active profile set, falling back to 1 default profile: "default"
2024-06-09 18:21:59,501 [INFO] org.springframework.data.repository.config.RepositoryConfigurationDelegate [restartedMain] Bootstrapping Spring Data JPA repositories in DEFAULT mode.
2024-06-09 18:21:59,509 [INFO] org.springframework.data.repository.config.RepositoryConfigurationDelegate [restartedMain] Finished Spring Data repository scanning in 7 ms. Found 3 JPA repository interfaces.
2024-06-09 18:21:59,603 [INFO] org.springframework.boot.web.embedded.tomcat.TomcatWebServer [restartedMain] Tomcat initialized with port 8080 (http)
2024-06-09 18:21:59,604 [INFO] org.apache.catalina.core.StandardService [restartedMain] Starting service [Tomcat]
2024-06-09 18:21:59,605 [INFO] org.apache.catalina.core.StandardEngine [restartedMain] Starting Servlet engine: [Apache Tomcat/10.1.24]
2024-06-09 18:21:59,623 [INFO] org.apache.catalina.core.ContainerBase.[Tomcat].[localhost].[/] [restartedMain] Initializing Spring embedded WebApplicationContext
2024-06-09 18:21:59,624 [INFO] org.springframework.boot.web.servlet.context.ServletWebServerApplicationContext [restartedMain] Root WebApplicationContext: initialization completed in 269 ms
2024-06-09 18:21:59,664 [INFO] com.zaxxer.hikari.HikariDataSource [restartedMain] HikariPool-10 - Starting...
2024-06-09 18:21:59,671 [INFO] com.zaxxer.hikari.pool.HikariPool [restartedMain] HikariPool-10 - Added connection conn90: url=jdbc:h2:file:./db/blogdb user=ADMIN
2024-06-09 18:21:59,672 [INFO] com.zaxxer.hikari.HikariDataSource [restartedMain] HikariPool-10 - Start completed.
2024-06-09 18:21:59,672 [INFO] org.springframework.boot.autoconfigure.h2.H2ConsoleAutoConfiguration [restartedMain] H2 console available at '/db-console'. Database available at 'jdbc:h2:file:./db/blogdb'
2024-06-09 18:21:59,724 [INFO] org.hibernate.jpa.internal.util.LogHelper [restartedMain] HHH000204: Processing PersistenceUnitInfo [name: default]
2024-06-09 18:21:59,726 [INFO] org.hibernate.cache.internal.RegionFactoryInitiator [restartedMain] HHH000026: Second-level cache disabled
2024-06-09 18:21:59,731 [INFO] org.springframework.orm.jpa.persistenceunit.SpringPersistenceUnitInfo [restartedMain] No LoadTimeWeaver setup: ignoring JPA class transformer
2024-06-09 18:21:59,733 [WARN] org.hibernate.orm.deprecation [restartedMain] HHH90000025: H2Dialect does not need to be specified explicitly using 'hibernate.dialect' (remove the property setting and it will be selected by default)
2024-06-09 18:21:59,787 [INFO] org.hibernate.engine.transaction.jta.platform.internal.JtaPlatformInitiator [restartedMain] HHH000489: No JTA platform available (set 'hibernate.transaction.jta.platform' to enable JTA platform integration)
2024-06-09 18:21:59,794 [INFO] org.springframework.orm.jpa.LocalContainerEntityManagerFactoryBean [restartedMain] Initialized JPA EntityManagerFactory for persistence unit 'default'
2024-06-09 18:21:59,928 [INFO] org.springframework.security.config.annotation.authentication.configuration.InitializeUserDetailsBeanManagerConfigurer$InitializeUserDetailsManagerConfigurer [restartedMain] Global AuthenticationManager configured with UserDetailsService bean with name accountService
2024-06-09 18:22:00,109 [INFO] org.springframework.boot.actuate.endpoint.web.EndpointLinksResolver [restartedMain] Exposing 1 endpoint beneath base path '/actuator'
2024-06-09 18:22:00,170 [INFO] org.springframework.security.web.DefaultSecurityFilterChain [restartedMain] Will secure any request with [org.springframework.security.web.session.DisableEncodeUrlFilter@414b5a86, org.springframework.security.web.context.request.async.WebAsyncManagerIntegrationFilter@413491a0, org.springframework.security.web.context.SecurityContextHolderFilter@23ae070, org.springframework.security.web.header.HeaderWriterFilter@32f7feaf, org.springframework.web.filter.CorsFilter@2db74b4f, org.springframework.security.web.authentication.logout.LogoutFilter@2940d771, org.springframework.security.web.authentication.UsernamePasswordAuthenticationFilter@60275667, org.springframework.security.web.savedrequest.RequestCacheAwareFilter@43699df, org.springframework.security.web.servletapi.SecurityContextHolderAwareRequestFilter@62b78b6a, org.springframework.security.web.authentication.rememberme.RememberMeAuthenticationFilter@55dab4a3, org.springframework.security.web.authentication.AnonymousAuthenticationFilter@2ad15e92, org.springframework.security.web.access.ExceptionTranslationFilter@4bf694ed, org.springframework.security.web.access.intercept.AuthorizationFilter@142a63d]
2024-06-09 18:22:00,363 [INFO] org.springframework.boot.devtools.autoconfigure.OptionalLiveReloadServer [restartedMain] LiveReload server is running on port 35729
2024-06-09 18:22:00,375 [INFO] org.springframework.boot.web.embedded.tomcat.TomcatWebServer [restartedMain] Tomcat started on port 8080 (http) with context path '/'
2024-06-09 18:22:00,379 [INFO] com.racha.rachadev.RachadevApplication [restartedMain] Started RachadevApplication in 1.044 seconds (process running for 232.778)
2024-06-09 18:22:00,687 [INFO] org.springframework.boot.devtools.autoconfigure.ConditionEvaluationDeltaLoggingListener [restartedMain] Condition evaluation unchanged
